<?xml version="1.0" encoding="UTF-8"?>
<!-- Generated by org.testng.reporters.JUnitReportReporter -->
<testsuite skipped="0" hostname="DESKTOP-M0RCAUK" name="testNG.PracticeTwo" tests="6" failures="0" timestamp="26 Oct 2021 01:59:22 GMT" time="0.029" errors="0">
  <testcase name="values" time="0.002" classname="testNG.PracticeTwo"/>
  <testcase name="testTwo" time="0.002" classname="testNG.PracticeTwo"/>
  <testcase name="testThree" time="0.002" classname="testNG.PracticeTwo"/>
  <testcase name="testFive" time="0.013" classname="testNG.PracticeTwo"/>
  <testcase name="testOne" time="0.002" classname="testNG.PracticeTwo"/>
  <testcase name="testFour" time="0.008" classname="testNG.PracticeTwo"/>
</testsuite> <!-- testNG.PracticeTwo -->
