<?xml version="1.0" encoding="UTF-8"?>
<!-- Generated by org.testng.reporters.JUnitReportReporter -->
<testsuite skipped="0" hostname="DESKTOP-M0RCAUK" name="testNG.LoginTest" tests="9" failures="0" timestamp="27 Oct 2021 00:10:35 GMT" time="76.434" errors="0">
  <testcase name="testLogin" time="7.739" classname="testNG.LoginTest"/>
  <testcase name="testLogin" time="9.260" classname="testNG.LoginTest"/>
  <testcase name="testLogin" time="8.953" classname="testNG.LoginTest"/>
  <testcase name="testLogin" time="9.445" classname="testNG.LoginTest"/>
  <testcase name="testLogin" time="9.465" classname="testNG.LoginTest"/>
  <testcase name="testLogin" time="8.058" classname="testNG.LoginTest"/>
  <testcase name="testLogin" time="7.804" classname="testNG.LoginTest"/>
  <testcase name="testLogin" time="8.916" classname="testNG.LoginTest"/>
  <testcase name="testLogin" time="6.794" classname="testNG.LoginTest"/>
</testsuite> <!-- testNG.LoginTest -->
