<?xml version="1.0" encoding="UTF-8"?>
<!-- Generated by org.testng.reporters.JUnitReportReporter -->
<testsuite skipped="0" hostname="DESKTOP-M0RCAUK" name="testNG.ParallelExecution" tests="3" failures="0" timestamp="27 Oct 2021 01:41:26 GMT" time="19.216" errors="0">
  <testcase name="testTwo" time="4.408" classname="testNG.ParallelExecution"/>
  <testcase name="testOne" time="4.383" classname="testNG.ParallelExecution"/>
  <testcase name="testthree" time="10.425" classname="testNG.ParallelExecution"/>
</testsuite> <!-- testNG.ParallelExecution -->
