<?xml version="1.0" encoding="UTF-8"?>
<!-- Generated by org.testng.reporters.JUnitReportReporter -->
<testsuite skipped="1" hostname="DESKTOP-M0RCAUK" name="testNG.concepts.TestNGAnnotations" tests="12" failures="0" timestamp="04 May 2022 23:33:43 GMT" time="0.008" errors="0">
  <testcase name="testC" time="0.001" classname="testNG.concepts.TestNGAnnotations"/>
  <testcase name="testB" time="0.000" classname="testNG.concepts.TestNGAnnotations"/>
  <testcase name="testB" time="0.000" classname="testNG.concepts.TestNGAnnotations"/>
  <testcase name="testB" time="0.000" classname="testNG.concepts.TestNGAnnotations"/>
  <testcase name="testB" time="0.001" classname="testNG.concepts.TestNGAnnotations"/>
  <testcase name="testB" time="0.000" classname="testNG.concepts.TestNGAnnotations"/>
  <testcase name="testB" time="0.001" classname="testNG.concepts.TestNGAnnotations"/>
  <testcase name="testB" time="0.002" classname="testNG.concepts.TestNGAnnotations"/>
  <testcase name="testB" time="0.001" classname="testNG.concepts.TestNGAnnotations"/>
  <testcase name="testB" time="0.001" classname="testNG.concepts.TestNGAnnotations"/>
  <testcase name="testB" time="0.001" classname="testNG.concepts.TestNGAnnotations"/>
  <testcase name="testA" classname="testNG.concepts.TestNGAnnotations">
    <skipped/>
  </testcase> <!-- testA -->
</testsuite> <!-- testNG.concepts.TestNGAnnotations -->
