<?xml version="1.0" encoding="UTF-8"?>
<!-- Generated by org.testng.reporters.JUnitReportReporter -->
<testsuite skipped="0" hostname="DESKTOP-M0RCAUK" name="tests.DataDrivenTesting" tests="3" failures="0" timestamp="03 May 2022 21:31:52 GMT" time="20.156" errors="0">
  <testcase name="test" time="6.438" classname="tests.DataDrivenTesting"/>
  <testcase name="test" time="6.291" classname="tests.DataDrivenTesting"/>
  <testcase name="test" time="7.427" classname="tests.DataDrivenTesting"/>
</testsuite> <!-- tests.DataDrivenTesting -->
