<?xml version="1.0" encoding="UTF-8"?>
<!-- Generated by org.testng.reporters.JUnitReportReporter -->
<testsuite skipped="0" hostname="DESKTOP-M0RCAUK" name="testNG.TestNGParameters" tests="1" failures="0" timestamp="26 Oct 2021 01:21:05 GMT" time="0.015" errors="0">
  <testcase name="test" time="0.015" classname="testNG.TestNGParameters"/>
</testsuite> <!-- testNG.TestNGParameters -->
