<?xml version="1.0" encoding="UTF-8"?>
<!-- Generated by org.testng.reporters.JUnitReportReporter -->
<testsuite skipped="0" hostname="DESKTOP-M0RCAUK" name="utilities.ParametersClass" tests="1" failures="0" timestamp="04 May 2022 23:46:29 GMT" time="14.311" errors="0">
  <testcase name="test" time="14.311" classname="utilities.ParametersClass"/>
</testsuite> <!-- utilities.ParametersClass -->
