<?xml version="1.0" encoding="UTF-8"?>
<!-- Generated by org.testng.reporters.JUnitReportReporter -->
<testsuite skipped="0" hostname="DESKTOP-M0RCAUK" name="testNG.concepts.ParamtersExercise" tests="1" failures="0" timestamp="04 May 2022 23:51:42 GMT" time="0.008" errors="0">
  <testcase name="test" time="0.008" classname="testNG.concepts.ParamtersExercise"/>
</testsuite> <!-- testNG.concepts.ParamtersExercise -->
