<?xml version="1.0" encoding="UTF-8"?>
<!-- Generated by org.testng.reporters.JUnitReportReporter -->
<testsuite skipped="2" hostname="DESKTOP-M0RCAUK" name="testNG.PracticeOne" tests="10" failures="0" timestamp="26 Oct 2021 01:59:22 GMT" time="0.007" errors="0">
  <testcase name="troy" time="0.001" classname="testNG.PracticeOne"/>
  <testcase name="titanic" time="0.001" classname="testNG.PracticeOne"/>
  <testcase name="Terminator" time="0.001" classname="testNG.PracticeOne"/>
  <testcase name="starsWar" time="0.001" classname="testNG.PracticeOne"/>
  <testcase name="harryPotter" time="0.000" classname="testNG.PracticeOne"/>
  <testcase name="forrestGump" time="0.001" classname="testNG.PracticeOne"/>
  <testcase name="narnia" time="0.001" classname="testNG.PracticeOne"/>
  <testcase name="avengers" time="0.001" classname="testNG.PracticeOne"/>
  <testcase name="godFather" classname="testNG.PracticeOne">
    <skipped/>
  </testcase> <!-- godFather -->
  <testcase name="JamesBond" classname="testNG.PracticeOne">
    <skipped/>
  </testcase> <!-- JamesBond -->
</testsuite> <!-- testNG.PracticeOne -->
