<?xml version="1.0" encoding="UTF-8"?>
<!-- Generated by org.testng.reporters.JUnitReportReporter -->
<testsuite skipped="0" hostname="DESKTOP-M0RCAUK" name="testNG.concepts.DataProviderConcept" tests="3" failures="0" timestamp="05 May 2022 00:18:22 GMT" time="0.008" errors="0">
  <testcase name="printTestData" time="0.001" classname="testNG.concepts.DataProviderConcept"/>
  <testcase name="printTestData" time="0.006" classname="testNG.concepts.DataProviderConcept"/>
  <testcase name="printTestData" time="0.001" classname="testNG.concepts.DataProviderConcept"/>
</testsuite> <!-- testNG.concepts.DataProviderConcept -->
