<?xml version="1.0" encoding="UTF-8"?>
<!-- Generated by org.testng.reporters.JUnitReportReporter -->
<testsuite skipped="3" hostname="DESKTOP-M0RCAUK" name="testNG.concepts.TestNGExerciseOne" tests="19" failures="0" timestamp="04 May 2022 23:33:43 GMT" time="0.019" errors="0">
  <testcase name="blackColor" time="0.000" classname="testNG.concepts.TestNGExerciseOne"/>
  <testcase name="blackColor" time="0.001" classname="testNG.concepts.TestNGExerciseOne"/>
  <testcase name="whiteColor" time="0.001" classname="testNG.concepts.TestNGExerciseOne"/>
  <testcase name="brownColor" time="0.001" classname="testNG.concepts.TestNGExerciseOne"/>
  <testcase name="blackColor" time="0.001" classname="testNG.concepts.TestNGExerciseOne"/>
  <testcase name="blackColor" time="0.001" classname="testNG.concepts.TestNGExerciseOne"/>
  <testcase name="goldColor" time="0.001" classname="testNG.concepts.TestNGExerciseOne"/>
  <testcase name="silverColor" time="0.002" classname="testNG.concepts.TestNGExerciseOne"/>
  <testcase name="blackColor" time="0.001" classname="testNG.concepts.TestNGExerciseOne"/>
  <testcase name="TurquoiseColor" time="0.003" classname="testNG.concepts.TestNGExerciseOne"/>
  <testcase name="blackColor" time="0.000" classname="testNG.concepts.TestNGExerciseOne"/>
  <testcase name="redColor" time="0.001" classname="testNG.concepts.TestNGExerciseOne"/>
  <testcase name="blackColor" time="0.001" classname="testNG.concepts.TestNGExerciseOne"/>
  <testcase name="blackColor" time="0.001" classname="testNG.concepts.TestNGExerciseOne"/>
  <testcase name="blackColor" time="0.001" classname="testNG.concepts.TestNGExerciseOne"/>
  <testcase name="blackColor" time="0.003" classname="testNG.concepts.TestNGExerciseOne"/>
  <testcase name="yellowColor" classname="testNG.concepts.TestNGExerciseOne">
    <skipped/>
  </testcase> <!-- yellowColor -->
  <testcase name="pinkColor" classname="testNG.concepts.TestNGExerciseOne">
    <skipped/>
  </testcase> <!-- pinkColor -->
  <testcase name="greenColor" classname="testNG.concepts.TestNGExerciseOne">
    <skipped/>
  </testcase> <!-- greenColor -->
</testsuite> <!-- testNG.concepts.TestNGExerciseOne -->
