<?xml version="1.0" encoding="UTF-8"?>
<!-- Generated by org.testng.reporters.JUnitReportReporter -->
<testsuite skipped="0" hostname="DESKTOP-M0RCAUK" name="testNG.concepts.ParametersClass" tests="1" failures="0" timestamp="05 May 2022 02:09:47 GMT" time="10.938" errors="0">
  <testcase name="test" time="10.938" classname="testNG.concepts.ParametersClass"/>
</testsuite> <!-- testNG.concepts.ParametersClass -->
