<?xml version="1.0" encoding="UTF-8"?>
<!-- Generated by org.testng.reporters.JUnitReportReporter -->
<testsuite skipped="0" hostname="DESKTOP-M0RCAUK" name="testNG.concepts.ParallelExecution" tests="2" failures="0" timestamp="05 May 2022 02:09:47 GMT" time="12.070" errors="0">
  <testcase name="testOne" time="6.773" classname="testNG.concepts.ParallelExecution"/>
  <testcase name="testTwo" time="5.297" classname="testNG.concepts.ParallelExecution"/>
</testsuite> <!-- testNG.concepts.ParallelExecution -->
