<?xml version="1.0" encoding="UTF-8"?>
<!-- Generated by org.testng.reporters.JUnitReportReporter -->
<testsuite skipped="0" hostname="DESKTOP-M0RCAUK" name="exercise.testNG.LabPracticeOne" tests="3" failures="0" timestamp="06 May 2022 00:31:33 GMT" time="1.770" errors="0">
  <testcase name="testOne" time="0.056" classname="exercise.testNG.LabPracticeOne"/>
  <testcase name="testTwo" time="0.676" classname="exercise.testNG.LabPracticeOne"/>
  <testcase name="loginTest" time="1.038" classname="exercise.testNG.LabPracticeOne"/>
</testsuite> <!-- exercise.testNG.LabPracticeOne -->
