<?xml version="1.0" encoding="UTF-8"?>
<!-- Generated by org.testng.reporters.JUnitReportReporter -->
<testsuite skipped="0" hostname="DESKTOP-M0RCAUK" name="tests.HotelLoginTest" tests="1" failures="0" timestamp="27 Oct 2021 23:53:15 GMT" time="16.486" errors="0">
  <testcase name="loginTest" time="16.486" classname="tests.HotelLoginTest"/>
</testsuite> <!-- tests.HotelLoginTest -->
